\BOOKMARK [0][-]{chapter.3}{\376\377\0001\000\040\000I\000n\000t\000r\000o\000d\000u\000c\000t\000i\000o\000n}{}% 1
\BOOKMARK [0][-]{chapter.5}{\376\377\0002\000\040\000C\000o\000n\000c\000e\000p\000t\000s\000,\000\040\000D\000e\000f\000i\000n\000i\000t\000i\000o\000n\000s\000\040\000a\000n\000d\000\040\000N\000o\000t\000a\000t\000i\000o\000n}{}% 2
\BOOKMARK [1][-]{section.6}{\376\377\0002\000.\0001\000\040\000D\000e\000f\000i\000n\000i\000t\000i\000o\000n\000s\000\040\000o\000f\000\040\000C\000o\000v\000e\000r\000a\000g\000e}{chapter.5}% 3
\BOOKMARK [1][-]{section.10}{\376\377\0002\000.\0002\000\040\000A\000l\000g\000o\000r\000i\000t\000h\000m\000i\000c\000\040\000C\000o\000n\000c\000e\000p\000t\000s}{chapter.5}% 4
\BOOKMARK [2][-]{subsection.11}{\376\377\0002\000.\0002\000.\0001\000\040\000B\000r\000a\000n\000c\000h\000-\000a\000n\000d\000-\000B\000o\000u\000n\000d}{section.10}% 5
\BOOKMARK [2][-]{subsection.12}{\376\377\0002\000.\0002\000.\0002\000\040\000A\000p\000p\000r\000o\000x\000i\000m\000a\000t\000i\000o\000n\000\040\000A\000l\000g\000o\000r\000i\000t\000h\000m\000s}{section.10}% 6
\BOOKMARK [1][-]{section.18}{\376\377\0002\000.\0003\000\040\000G\000e\000o\000m\000e\000t\000r\000i\000c\000\040\000C\000o\000n\000c\000e\000p\000t\000s\000\040\000a\000n\000d\000\040\000G\000e\000o\000m\000e\000t\000r\000i\000c\000\040\000S\000t\000r\000u\000c\000t\000u\000r\000e\000s}{chapter.5}% 7
\BOOKMARK [2][-]{subsection.19}{\376\377\0002\000.\0003\000.\0001\000\040\000N\000e\000a\000r\000e\000s\000t\000\040\000N\000e\000i\000g\000h\000b\000o\000u\000r\000\040\000S\000e\000a\000r\000c\000h\000\040\000a\000n\000d\000\040\000P\000o\000i\000n\000t\000\040\000L\000o\000c\000a\000t\000i\000o\000n}{section.18}% 8
\BOOKMARK [2][-]{subsection.20}{\376\377\0002\000.\0003\000.\0002\000\040\000k\000-\000D\000i\000m\000e\000n\000s\000i\000o\000n\000a\000l\000\040\000T\000r\000e\000e\000s}{section.18}% 9
\BOOKMARK [2][-]{subsection.22}{\376\377\0002\000.\0003\000.\0003\000\040\000M\000e\000d\000i\000a\000n\000\040\000o\000f\000\040\000M\000e\000d\000i\000a\000n\000s}{section.18}% 10
\BOOKMARK [2][-]{subsection.26}{\376\377\0002\000.\0003\000.\0004\000\040\000V\000o\000r\000o\000n\000o\000i\000\040\000D\000i\000a\000g\000r\000a\000m\000s}{section.18}% 11
\BOOKMARK [2][-]{subsection.28}{\376\377\0002\000.\0003\000.\0005\000\040\000D\000e\000l\000a\000u\000n\000a\000y\000\040\000T\000r\000i\000a\000n\000g\000u\000l\000a\000t\000i\000o\000n\000s}{section.18}% 12
\BOOKMARK [2][-]{subsection.41}{\376\377\0002\000.\0003\000.\0006\000\040\000H\000i\000l\000b\000e\000r\000t\000\040\000C\000u\000r\000v\000e\000s}{section.18}% 13
\BOOKMARK [0][-]{chapter.43}{\376\377\0003\000\040\000S\000t\000a\000t\000e\000\040\000o\000f\000\040\000t\000h\000e\000\040\000A\000r\000t}{}% 14
\BOOKMARK [1][-]{section.44}{\376\377\0003\000.\0001\000\040\000I\000n\000t\000e\000g\000e\000r\000\040\000L\000i\000n\000e\000a\000r\000\040\000P\000r\000o\000g\000r\000a\000m\000m\000i\000n\000g\000\040\000F\000o\000r\000m\000u\000l\000a\000t\000i\000o\000n}{chapter.43}% 15
\BOOKMARK [1][-]{section.51}{\376\377\0003\000.\0002\000\040\000L\000o\000c\000a\000l\000\040\000S\000e\000a\000r\000c\000h\000\040\000A\000p\000p\000r\000o\000a\000c\000h}{chapter.43}% 16
\BOOKMARK [0][-]{chapter.52}{\376\377\0004\000\040\000O\000p\000t\000i\000m\000a\000l\000\040\000M\000i\000n\000i\000m\000u\000m\000\040\000C\000o\000v\000e\000r\000a\000g\000e\000\040\000A\000l\000g\000o\000r\000i\000t\000h\000m\000s}{}% 17
\BOOKMARK [1][-]{section.53}{\376\377\0004\000.\0001\000\040\000N\000a\000\357\000v\000e\000\040\000B\000r\000a\000n\000c\000h\000-\000a\000n\000d\000-\000B\000o\000u\000n\000d}{chapter.52}% 18
\BOOKMARK [2][-]{subsection.54}{\376\377\0004\000.\0001\000.\0001\000\040\000B\000r\000a\000n\000c\000h\000i\000n\000g}{section.53}% 19
\BOOKMARK [2][-]{subsection.60}{\376\377\0004\000.\0001\000.\0002\000\040\000B\000o\000u\000n\000d\000s}{section.53}% 20
\BOOKMARK [1][-]{section.62}{\376\377\0004\000.\0002\000\040\000D\000e\000l\000a\000u\000n\000a\000y\000\040\000A\000s\000s\000i\000s\000t\000e\000d\000\040\000B\000r\000a\000n\000c\000h\000-\000a\000n\000d\000-\000B\000o\000u\000n\000d}{chapter.52}% 21
\BOOKMARK [1][-]{section.68}{\376\377\0004\000.\0003\000\040\000A\000l\000g\000o\000r\000i\000t\000h\000m\000\040\000C\000o\000m\000p\000a\000r\000i\000s\000o\000n}{chapter.52}% 22
\BOOKMARK [2][-]{subsection.69}{\376\377\0004\000.\0003\000.\0001\000\040\000T\000i\000m\000e\000\040\000C\000o\000m\000p\000l\000e\000x\000i\000t\000y}{section.68}% 23
\BOOKMARK [2][-]{subsection.71}{\376\377\0004\000.\0003\000.\0002\000\040\000E\000x\000p\000e\000r\000i\000m\000e\000n\000t\000a\000l\000\040\000R\000e\000s\000u\000l\000t\000s}{section.68}% 24
\BOOKMARK [0][-]{chapter.79}{\376\377\0005\000\040\000F\000u\000t\000u\000r\000e\000\040\000W\000o\000r\000k}{}% 25
\BOOKMARK [1][-]{section.80}{\376\377\0005\000.\0001\000\040\000I\000n\000t\000e\000g\000r\000a\000t\000i\000o\000n\000\040\000i\000n\000\040\000a\000\040\000V\000i\000s\000u\000a\000l\000i\000s\000a\000t\000i\000o\000n\000\040\000F\000r\000a\000m\000e\000w\000o\000r\000k}{chapter.79}% 26
\BOOKMARK [1][-]{section.81}{\376\377\0005\000.\0002\000\040\000H\000e\000u\000r\000i\000s\000t\000i\000c\000\040\000A\000p\000p\000r\000o\000a\000c\000h\000e\000s}{chapter.79}% 27
\BOOKMARK [1][-]{section.82}{\376\377\0005\000.\0003\000\040\000A\000p\000p\000r\000o\000x\000i\000m\000a\000t\000i\000o\000n\000\040\000A\000l\000g\000o\000r\000i\000t\000h\000m\000s}{chapter.79}% 28
